\BOOKMARK [0][-]{chapter.1}{Introdu\347\343o}{}% 1
\BOOKMARK [0][-]{chapter.2}{Objetivos}{}% 2
\BOOKMARK [1][-]{section.2.1}{Interface Web}{chapter.2}% 3
\BOOKMARK [2][-]{subsection.2.1.1}{Listagem dos Objetos\(por nome\)}{section.2.1}% 4
\BOOKMARK [2][-]{subsection.2.1.2}{Listagem dos Objetos\(por imagem\)}{section.2.1}% 5
\BOOKMARK [2][-]{subsection.2.1.3}{Upload de imagens}{section.2.1}% 6
\BOOKMARK [2][-]{subsection.2.1.4}{Pesquisa de imagens}{section.2.1}% 7
\BOOKMARK [1][-]{section.2.2}{Aplica\347\343o Web}{chapter.2}% 8
\BOOKMARK [2][-]{subsection.2.2.1}{/list?type=names:}{section.2.2}% 9
\BOOKMARK [2][-]{subsection.2.2.2}{/list?type=detected:}{section.2.2}% 10
\BOOKMARK [2][-]{subsection.2.2.3}{/list?type=detected\046name=NAME:}{section.2.2}% 11
\BOOKMARK [2][-]{subsection.2.2.4}{/list?type=detected\046name=NAME\046color=COLOR:}{section.2.2}% 12
\BOOKMARK [2][-]{subsection.2.2.5}{/put:}{section.2.2}% 13
\BOOKMARK [2][-]{subsection.2.2.6}{/get?id=IDENTIFIER:}{section.2.2}% 14
\BOOKMARK [1][-]{section.2.3}{Persist\352ncia}{chapter.2}% 15
\BOOKMARK [1][-]{section.2.4}{Processador de imagens}{chapter.2}% 16
\BOOKMARK [0][-]{chapter.3}{B\363nus}{}% 17
\BOOKMARK [0][-]{chapter.4}{Testes efetuados}{}% 18
\BOOKMARK [0][-]{chapter.5}{Resultados}{}% 19
\BOOKMARK [0][-]{chapter.6}{Conclus\365es}{}% 20
